[ 2016-01-07T12:32:14+08:00 ] ::1 /
INFO: [ app_init ] --START--
INFO: Run Behavior\BuildLiteBehavior [ RunTime:0.000063s ]
INFO: [ app_init ] --END-- [ RunTime:0.069668s ]
INFO: [ app_begin ] --START--
INFO: Run Behavior\ReadHtmlCacheBehavior [ RunTime:0.008667s ]
INFO: [ app_begin ] --END-- [ RunTime:0.008948s ]
SQL: SHOW COLUMNS FROM `category` [ RunTime:0.1754s ]
SQL: SELECT `id`,`category_name_ch`,`category_name_en`,`link` FROM `category` ORDER BY id  [ RunTime:0.0005s ]
SQL: SELECT b.id,b.sub_category_name_ch,b.sub_category_name_en,b.link FROM category a INNER JOIN sub_category b ON b.parent_id= a.id  WHERE ( a.id = (0+1) ) ORDER BY b.parent_id  [ RunTime:0.0735s ]
SQL: SELECT b.id,b.sub_category_name_ch,b.sub_category_name_en,b.link FROM category a INNER JOIN sub_category b ON b.parent_id= a.id  WHERE ( a.id = (1+1) ) ORDER BY b.parent_id  [ RunTime:0.0011s ]
SQL: SELECT b.id,b.sub_category_name_ch,b.sub_category_name_en,b.link FROM category a INNER JOIN sub_category b ON b.parent_id= a.id  WHERE ( a.id = (2+1) ) ORDER BY b.parent_id  [ RunTime:0.0006s ]
SQL: SELECT b.id,b.sub_category_name_ch,b.sub_category_name_en,b.link FROM category a INNER JOIN sub_category b ON b.parent_id= a.id  WHERE ( a.id = (3+1) ) ORDER BY b.parent_id  [ RunTime:0.0005s ]
SQL: SELECT b.id,b.sub_category_name_ch,b.sub_category_name_en,b.link FROM category a INNER JOIN sub_category b ON b.parent_id= a.id  WHERE ( a.id = (4+1) ) ORDER BY b.parent_id  [ RunTime:0.0004s ]
INFO: [ view_parse ] --START--
INFO: [ template_filter ] --START--
INFO: Run Behavior\ContentReplaceBehavior [ RunTime:0.036671s ]
INFO: [ template_filter ] --END-- [ RunTime:0.036969s ]
NOTIC: [8] Use of undefined constant id - assumed 'id' C:\wamp\www\Application\Runtime\Cache\Home\2a94b8bda04ff446dcedd42276fc99ee.php 第 149 行.
NOTIC: [8] Use of undefined constant id - assumed 'id' C:\wamp\www\Application\Runtime\Cache\Home\2a94b8bda04ff446dcedd42276fc99ee.php 第 149 行.
NOTIC: [8] Use of undefined constant id - assumed 'id' C:\wamp\www\Application\Runtime\Cache\Home\2a94b8bda04ff446dcedd42276fc99ee.php 第 152 行.
NOTIC: [8] Use of undefined constant id - assumed 'id' C:\wamp\www\Application\Runtime\Cache\Home\2a94b8bda04ff446dcedd42276fc99ee.php 第 152 行.
NOTIC: [8] Use of undefined constant id - assumed 'id' C:\wamp\www\Application\Runtime\Cache\Home\2a94b8bda04ff446dcedd42276fc99ee.php 第 152 行.
NOTIC: [8] Use of undefined constant id - assumed 'id' C:\wamp\www\Application\Runtime\Cache\Home\2a94b8bda04ff446dcedd42276fc99ee.php 第 152 行.
NOTIC: [8] Use of undefined constant id - assumed 'id' C:\wamp\www\Application\Runtime\Cache\Home\2a94b8bda04ff446dcedd42276fc99ee.php 第 152 行.
NOTIC: [8] Use of undefined constant id - assumed 'id' C:\wamp\www\Application\Runtime\Cache\Home\2a94b8bda04ff446dcedd42276fc99ee.php 第 152 行.
NOTIC: [8] Use of undefined constant id - assumed 'id' C:\wamp\www\Application\Runtime\Cache\Home\2a94b8bda04ff446dcedd42276fc99ee.php 第 152 行.
NOTIC: [8] Use of undefined constant id - assumed 'id' C:\wamp\www\Application\Runtime\Cache\Home\2a94b8bda04ff446dcedd42276fc99ee.php 第 152 行.
NOTIC: [8] Use of undefined constant id - assumed 'id' C:\wamp\www\Application\Runtime\Cache\Home\2a94b8bda04ff446dcedd42276fc99ee.php 第 152 行.
NOTIC: [8] Use of undefined constant id - assumed 'id' C:\wamp\www\Application\Runtime\Cache\Home\2a94b8bda04ff446dcedd42276fc99ee.php 第 152 行.
NOTIC: [8] Use of undefined constant id - assumed 'id' C:\wamp\www\Application\Runtime\Cache\Home\2a94b8bda04ff446dcedd42276fc99ee.php 第 149 行.
NOTIC: [8] Use of undefined constant id - assumed 'id' C:\wamp\www\Application\Runtime\Cache\Home\2a94b8bda04ff446dcedd42276fc99ee.php 第 149 行.
NOTIC: [8] Use of undefined constant id - assumed 'id' C:\wamp\www\Application\Runtime\Cache\Home\2a94b8bda04ff446dcedd42276fc99ee.php 第 149 行.
INFO: Run Behavior\ParseTemplateBehavior [ RunTime:0.191383s ]
INFO: [ view_parse ] --END-- [ RunTime:0.192414s ]
INFO: [ view_filter ] --START--
INFO: Run Behavior\WriteHtmlCacheBehavior [ RunTime:0.014846s ]
INFO: [ view_filter ] --END-- [ RunTime:0.015121s ]
INFO: [ app_end ] --START--
INFO: Run Behavior\ShowPageTraceBehavior [ RunTime:0.027951s ]
INFO: [ app_end ] --END-- [ RunTime:0.028269s ]

[ 2016-01-07T15:35:46+08:00 ] ::1 /
INFO: [ app_init ] --START--
INFO: Run Behavior\BuildLiteBehavior [ RunTime:0.000060s ]
INFO: [ app_init ] --END-- [ RunTime:0.015645s ]
INFO: [ app_begin ] --START--
INFO: Run Behavior\ReadHtmlCacheBehavior [ RunTime:0.015542s ]
INFO: [ app_begin ] --END-- [ RunTime:0.015832s ]
SQL: SHOW COLUMNS FROM `category` [ RunTime:0.0073s ]
SQL: SELECT `id`,`category_name_ch`,`category_name_en`,`link` FROM `category` ORDER BY id  [ RunTime:0.0710s ]
SQL: SELECT b.id,b.sub_category_name_ch,b.sub_category_name_en,b.link FROM category a INNER JOIN sub_category b ON b.parent_id= a.id  WHERE ( a.id = (0+1) ) ORDER BY b.parent_id  [ RunTime:0.0008s ]
SQL: SELECT b.id,b.sub_category_name_ch,b.sub_category_name_en,b.link FROM category a INNER JOIN sub_category b ON b.parent_id= a.id  WHERE ( a.id = (1+1) ) ORDER BY b.parent_id  [ RunTime:0.0004s ]
SQL: SELECT b.id,b.sub_category_name_ch,b.sub_category_name_en,b.link FROM category a INNER JOIN sub_category b ON b.parent_id= a.id  WHERE ( a.id = (2+1) ) ORDER BY b.parent_id  [ RunTime:0.0005s ]
SQL: SELECT b.id,b.sub_category_name_ch,b.sub_category_name_en,b.link FROM category a INNER JOIN sub_category b ON b.parent_id= a.id  WHERE ( a.id = (3+1) ) ORDER BY b.parent_id  [ RunTime:0.0004s ]
SQL: SELECT b.id,b.sub_category_name_ch,b.sub_category_name_en,b.link FROM category a INNER JOIN sub_category b ON b.parent_id= a.id  WHERE ( a.id = (4+1) ) ORDER BY b.parent_id  [ RunTime:0.0003s ]
INFO: [ view_parse ] --START--
INFO: [ template_filter ] --START--
INFO: Run Behavior\ContentReplaceBehavior [ RunTime:0.000360s ]
INFO: [ template_filter ] --END-- [ RunTime:0.000629s ]
NOTIC: [8] Use of undefined constant id - assumed 'id' C:\wamp\www\Application\Runtime\Cache\Home\2a94b8bda04ff446dcedd42276fc99ee.php 第 149 行.
NOTIC: [8] Use of undefined constant id - assumed 'id' C:\wamp\www\Application\Runtime\Cache\Home\2a94b8bda04ff446dcedd42276fc99ee.php 第 149 行.
NOTIC: [8] Use of undefined constant id - assumed 'id' C:\wamp\www\Application\Runtime\Cache\Home\2a94b8bda04ff446dcedd42276fc99ee.php 第 152 行.
NOTIC: [8] Use of undefined constant id - assumed 'id' C:\wamp\www\Application\Runtime\Cache\Home\2a94b8bda04ff446dcedd42276fc99ee.php 第 152 行.
NOTIC: [8] Use of undefined constant id - assumed 'id' C:\wamp\www\Application\Runtime\Cache\Home\2a94b8bda04ff446dcedd42276fc99ee.php 第 152 行.
NOTIC: [8] Use of undefined constant id - assumed 'id' C:\wamp\www\Application\Runtime\Cache\Home\2a94b8bda04ff446dcedd42276fc99ee.php 第 152 行.
NOTIC: [8] Use of undefined constant id - assumed 'id' C:\wamp\www\Application\Runtime\Cache\Home\2a94b8bda04ff446dcedd42276fc99ee.php 第 152 行.
NOTIC: [8] Use of undefined constant id - assumed 'id' C:\wamp\www\Application\Runtime\Cache\Home\2a94b8bda04ff446dcedd42276fc99ee.php 第 152 行.
NOTIC: [8] Use of undefined constant id - assumed 'id' C:\wamp\www\Application\Runtime\Cache\Home\2a94b8bda04ff446dcedd42276fc99ee.php 第 152 行.
NOTIC: [8] Use of undefined constant id - assumed 'id' C:\wamp\www\Application\Runtime\Cache\Home\2a94b8bda04ff446dcedd42276fc99ee.php 第 152 行.
NOTIC: [8] Use of undefined constant id - assumed 'id' C:\wamp\www\Application\Runtime\Cache\Home\2a94b8bda04ff446dcedd42276fc99ee.php 第 152 行.
NOTIC: [8] Use of undefined constant id - assumed 'id' C:\wamp\www\Application\Runtime\Cache\Home\2a94b8bda04ff446dcedd42276fc99ee.php 第 152 行.
NOTIC: [8] Use of undefined constant id - assumed 'id' C:\wamp\www\Application\Runtime\Cache\Home\2a94b8bda04ff446dcedd42276fc99ee.php 第 149 行.
NOTIC: [8] Use of undefined constant id - assumed 'id' C:\wamp\www\Application\Runtime\Cache\Home\2a94b8bda04ff446dcedd42276fc99ee.php 第 149 行.
NOTIC: [8] Use of undefined constant id - assumed 'id' C:\wamp\www\Application\Runtime\Cache\Home\2a94b8bda04ff446dcedd42276fc99ee.php 第 149 行.
INFO: Run Behavior\ParseTemplateBehavior [ RunTime:0.193449s ]
INFO: [ view_parse ] --END-- [ RunTime:0.193728s ]
INFO: [ view_filter ] --START--
INFO: Run Behavior\WriteHtmlCacheBehavior [ RunTime:0.015099s ]
INFO: [ view_filter ] --END-- [ RunTime:0.015387s ]
INFO: [ app_end ] --START--
INFO: Run Behavior\ShowPageTraceBehavior [ RunTime:0.007319s ]
INFO: [ app_end ] --END-- [ RunTime:0.007607s ]

