[ 2016-01-12T13:01:39+08:00 ] ::1 /
INFO: [ app_init ] --START--
INFO: Run Behavior\BuildLiteBehavior [ RunTime:0.000062s ]
INFO: [ app_init ] --END-- [ RunTime:0.047524s ]
INFO: [ app_begin ] --START--
INFO: Run Behavior\ReadHtmlCacheBehavior [ RunTime:0.034902s ]
INFO: [ app_begin ] --END-- [ RunTime:0.035194s ]
SQL: SHOW COLUMNS FROM `category` [ RunTime:0.1046s ]
SQL: SELECT `id`,`category_name_ch`,`category_name_en`,`link` FROM `category` ORDER BY id  [ RunTime:0.0005s ]
SQL: SELECT b.id,b.sub_category_name_ch,b.sub_category_name_en,b.link FROM category a INNER JOIN sub_category b ON b.parent_id= a.id  WHERE ( a.id = (0+1) ) ORDER BY b.parent_id  [ RunTime:0.1189s ]
SQL: SELECT b.id,b.sub_category_name_ch,b.sub_category_name_en,b.link FROM category a INNER JOIN sub_category b ON b.parent_id= a.id  WHERE ( a.id = (1+1) ) ORDER BY b.parent_id  [ RunTime:0.0009s ]
SQL: SELECT b.id,b.sub_category_name_ch,b.sub_category_name_en,b.link FROM category a INNER JOIN sub_category b ON b.parent_id= a.id  WHERE ( a.id = (2+1) ) ORDER BY b.parent_id  [ RunTime:0.0006s ]
SQL: SELECT b.id,b.sub_category_name_ch,b.sub_category_name_en,b.link FROM category a INNER JOIN sub_category b ON b.parent_id= a.id  WHERE ( a.id = (3+1) ) ORDER BY b.parent_id  [ RunTime:0.0007s ]
SQL: SELECT b.id,b.sub_category_name_ch,b.sub_category_name_en,b.link FROM category a INNER JOIN sub_category b ON b.parent_id= a.id  WHERE ( a.id = (4+1) ) ORDER BY b.parent_id  [ RunTime:0.0008s ]
INFO: [ view_parse ] --START--
INFO: [ template_filter ] --START--
INFO: Run Behavior\ContentReplaceBehavior [ RunTime:0.037172s ]
INFO: [ template_filter ] --END-- [ RunTime:0.037489s ]
NOTIC: [8] Use of undefined constant id - assumed 'id' C:\wamp\www\Application\Runtime\Cache\Home\2a94b8bda04ff446dcedd42276fc99ee.php 第 149 行.
NOTIC: [8] Use of undefined constant id - assumed 'id' C:\wamp\www\Application\Runtime\Cache\Home\2a94b8bda04ff446dcedd42276fc99ee.php 第 149 行.
NOTIC: [8] Use of undefined constant id - assumed 'id' C:\wamp\www\Application\Runtime\Cache\Home\2a94b8bda04ff446dcedd42276fc99ee.php 第 152 行.
NOTIC: [8] Use of undefined constant id - assumed 'id' C:\wamp\www\Application\Runtime\Cache\Home\2a94b8bda04ff446dcedd42276fc99ee.php 第 152 行.
NOTIC: [8] Use of undefined constant id - assumed 'id' C:\wamp\www\Application\Runtime\Cache\Home\2a94b8bda04ff446dcedd42276fc99ee.php 第 152 行.
NOTIC: [8] Use of undefined constant id - assumed 'id' C:\wamp\www\Application\Runtime\Cache\Home\2a94b8bda04ff446dcedd42276fc99ee.php 第 152 行.
NOTIC: [8] Use of undefined constant id - assumed 'id' C:\wamp\www\Application\Runtime\Cache\Home\2a94b8bda04ff446dcedd42276fc99ee.php 第 152 行.
NOTIC: [8] Use of undefined constant id - assumed 'id' C:\wamp\www\Application\Runtime\Cache\Home\2a94b8bda04ff446dcedd42276fc99ee.php 第 152 行.
NOTIC: [8] Use of undefined constant id - assumed 'id' C:\wamp\www\Application\Runtime\Cache\Home\2a94b8bda04ff446dcedd42276fc99ee.php 第 152 行.
NOTIC: [8] Use of undefined constant id - assumed 'id' C:\wamp\www\Application\Runtime\Cache\Home\2a94b8bda04ff446dcedd42276fc99ee.php 第 152 行.
NOTIC: [8] Use of undefined constant id - assumed 'id' C:\wamp\www\Application\Runtime\Cache\Home\2a94b8bda04ff446dcedd42276fc99ee.php 第 152 行.
NOTIC: [8] Use of undefined constant id - assumed 'id' C:\wamp\www\Application\Runtime\Cache\Home\2a94b8bda04ff446dcedd42276fc99ee.php 第 152 行.
NOTIC: [8] Use of undefined constant id - assumed 'id' C:\wamp\www\Application\Runtime\Cache\Home\2a94b8bda04ff446dcedd42276fc99ee.php 第 149 行.
NOTIC: [8] Use of undefined constant id - assumed 'id' C:\wamp\www\Application\Runtime\Cache\Home\2a94b8bda04ff446dcedd42276fc99ee.php 第 149 行.
NOTIC: [8] Use of undefined constant id - assumed 'id' C:\wamp\www\Application\Runtime\Cache\Home\2a94b8bda04ff446dcedd42276fc99ee.php 第 149 行.
INFO: Run Behavior\ParseTemplateBehavior [ RunTime:0.861204s ]
INFO: [ view_parse ] --END-- [ RunTime:0.861495s ]
INFO: [ view_filter ] --START--
INFO: Run Behavior\WriteHtmlCacheBehavior [ RunTime:0.123726s ]
INFO: [ view_filter ] --END-- [ RunTime:0.124043s ]
INFO: [ app_end ] --START--
INFO: Run Behavior\ShowPageTraceBehavior [ RunTime:0.093372s ]
INFO: [ app_end ] --END-- [ RunTime:0.095167s ]

